{"C:\\Users\\Jeffersson\\Desktop\\go\\Api_TypeScript_NodeJs\\src\\app.ts": {"path":"C:\\Users\\Jeffersson\\Desktop\\go\\Api_TypeScript_NodeJs\\src\\app.ts","statementMap":{"0":{"start":{"line":1,"column":0},"end":{"line":1,"column":30}},"1":{"start":{"line":2,"column":0},"end":{"line":2,"column":49}},"2":{"start":{"line":3,"column":0},"end":{"line":3,"column":50}},"3":{"start":{"line":5,"column":12},"end":{"line":5,"column":21}},"4":{"start":{"line":6,"column":13},"end":{"line":6,"column":37}},"5":{"start":{"line":8,"column":0},"end":{"line":8,"column":24}},"6":{"start":{"line":9,"column":0},"end":{"line":9,"column":18}},"7":{"start":{"line":57,"column":0},"end":{"line":57,"column":32}},"8":{"start":{"line":58,"column":0},"end":{"line":60,"column":3}},"9":{"start":{"line":59,"column":4},"end":{"line":59,"column":62}},"10":{"start":{"line":62,"column":0},"end":{"line":62,"column":19}}},"fnMap":{"0":{"name":"(anonymous_1)","decl":{"start":{"line":58,"column":17},"end":{"line":58,"column":20}},"loc":{"start":{"line":58,"column":22},"end":{"line":60,"column":1}}}},"branchMap":{"0":{"loc":{"start":{"line":6,"column":13},"end":{"line":6,"column":37}},"type":"binary-expr","locations":[{"start":{"line":6,"column":13},"end":{"line":6,"column":29}},{"start":{"line":6,"column":33},"end":{"line":6,"column":37}}]}},"s":{"0":1,"1":1,"2":1,"3":1,"4":1,"5":1,"6":1,"7":1,"8":1,"9":1,"10":1},"f":{"0":1},"b":{"0":[1,1]}}
,"C:\\Users\\Jeffersson\\Desktop\\go\\Api_TypeScript_NodeJs\\src\\config\\swaggerConfig.ts": {"path":"C:\\Users\\Jeffersson\\Desktop\\go\\Api_TypeScript_NodeJs\\src\\config\\swaggerConfig.ts","statementMap":{"0":{"start":{"line":1,"column":0},"end":{"line":1,"column":41}},"1":{"start":{"line":2,"column":0},"end":{"line":2,"column":43}},"2":{"start":{"line":5,"column":23},"end":{"line":21,"column":2}},"3":{"start":{"line":23,"column":20},"end":{"line":23,"column":48}},"4":{"start":{"line":25,"column":21},"end":{"line":27,"column":1}},"5":{"start":{"line":26,"column":2},"end":{"line":26,"column":70}},"6":{"start":{"line":29,"column":0},"end":{"line":29,"column":28}}},"fnMap":{"0":{"name":"(anonymous_1)","decl":{"start":{"line":25,"column":21},"end":{"line":25,"column":22}},"loc":{"start":{"line":25,"column":38},"end":{"line":27,"column":1}}}},"branchMap":{},"s":{"0":1,"1":1,"2":1,"3":1,"4":1,"5":1,"6":1},"f":{"0":1},"b":{}}
,"C:\\Users\\Jeffersson\\Desktop\\go\\Api_TypeScript_NodeJs\\src\\controllers\\matrixController.ts": {"path":"C:\\Users\\Jeffersson\\Desktop\\go\\Api_TypeScript_NodeJs\\src\\controllers\\matrixController.ts","statementMap":{"0":{"start":{"line":2,"column":0},"end":{"line":2,"column":64}},"1":{"start":{"line":10,"column":33},"end":{"line":26,"column":1}},"2":{"start":{"line":11,"column":21},"end":{"line":11,"column":29}},"3":{"start":{"line":14,"column":4},"end":{"line":18,"column":5}},"4":{"start":{"line":15,"column":8},"end":{"line":15,"column":48}},"5":{"start":{"line":16,"column":8},"end":{"line":16,"column":57}},"6":{"start":{"line":17,"column":8},"end":{"line":17,"column":15}},"7":{"start":{"line":20,"column":4},"end":{"line":20,"column":48}},"8":{"start":{"line":22,"column":18},"end":{"line":22,"column":47}},"9":{"start":{"line":24,"column":4},"end":{"line":24,"column":23}},"10":{"start":{"line":25,"column":4},"end":{"line":25,"column":20}},"11":{"start":{"line":10,"column":13},"end":{"line":10,"column":33}}},"fnMap":{"0":{"name":"(anonymous_0)","decl":{"start":{"line":10,"column":33},"end":{"line":10,"column":34}},"loc":{"start":{"line":10,"column":71},"end":{"line":26,"column":1}}}},"branchMap":{"0":{"loc":{"start":{"line":14,"column":4},"end":{"line":18,"column":5}},"type":"if","locations":[{"start":{"line":14,"column":4},"end":{"line":18,"column":5}}]},"1":{"loc":{"start":{"line":14,"column":8},"end":{"line":14,"column":100}},"type":"binary-expr","locations":[{"start":{"line":14,"column":8},"end":{"line":14,"column":25}},{"start":{"line":14,"column":29},"end":{"line":14,"column":46}},{"start":{"line":14,"column":50},"end":{"line":14,"column":73}},{"start":{"line":14,"column":77},"end":{"line":14,"column":100}}]}},"s":{"0":1,"1":1,"2":2,"3":2,"4":1,"5":1,"6":1,"7":1,"8":1,"9":1,"10":1,"11":1},"f":{"0":2},"b":{"0":[1],"1":[2,1,1,1]}}
,"C:\\Users\\Jeffersson\\Desktop\\go\\Api_TypeScript_NodeJs\\src\\routes\\matrixRoutes.ts": {"path":"C:\\Users\\Jeffersson\\Desktop\\go\\Api_TypeScript_NodeJs\\src\\routes\\matrixRoutes.ts","statementMap":{"0":{"start":{"line":1,"column":0},"end":{"line":1,"column":30}},"1":{"start":{"line":2,"column":0},"end":{"line":2,"column":68}},"2":{"start":{"line":5,"column":15},"end":{"line":5,"column":31}},"3":{"start":{"line":7,"column":0},"end":{"line":7,"column":36}},"4":{"start":{"line":9,"column":0},"end":{"line":9,"column":22}}},"fnMap":{},"branchMap":{},"s":{"0":1,"1":1,"2":1,"3":1,"4":1},"f":{},"b":{}}
,"C:\\Users\\Jeffersson\\Desktop\\go\\Api_TypeScript_NodeJs\\src\\services\\matrixService.ts": {"path":"C:\\Users\\Jeffersson\\Desktop\\go\\Api_TypeScript_NodeJs\\src\\services\\matrixService.ts","statementMap":{"0":{"start":{"line":1,"column":0},"end":{"line":1,"column":58}},"1":{"start":{"line":9,"column":35},"end":{"line":11,"column":1}},"2":{"start":{"line":10,"column":4},"end":{"line":10,"column":42}},"3":{"start":{"line":9,"column":13},"end":{"line":9,"column":35}}},"fnMap":{"0":{"name":"(anonymous_1)","decl":{"start":{"line":9,"column":35},"end":{"line":9,"column":36}},"loc":{"start":{"line":9,"column":58},"end":{"line":11,"column":1}}}},"branchMap":{},"s":{"0":1,"1":1,"2":1,"3":1},"f":{"0":1},"b":{}}
,"C:\\Users\\Jeffersson\\Desktop\\go\\Api_TypeScript_NodeJs\\src\\utils\\matrixHelpers.ts": {"path":"C:\\Users\\Jeffersson\\Desktop\\go\\Api_TypeScript_NodeJs\\src\\utils\\matrixHelpers.ts","statementMap":{"0":{"start":{"line":8,"column":38},"end":{"line":8,"column":40}},"1":{"start":{"line":9,"column":21},"end":{"line":9,"column":25}},"2":{"start":{"line":11,"column":4},"end":{"line":26,"column":5}},"3":{"start":{"line":12,"column":23},"end":{"line":12,"column":36}},"4":{"start":{"line":13,"column":8},"end":{"line":13,"column":42}},"5":{"start":{"line":13,"column":33},"end":{"line":13,"column":42}},"6":{"start":{"line":15,"column":24},"end":{"line":15,"column":37}},"7":{"start":{"line":16,"column":24},"end":{"line":16,"column":40}},"8":{"start":{"line":18,"column":8},"end":{"line":25,"column":9}},"9":{"start":{"line":18,"column":21},"end":{"line":18,"column":22}},"10":{"start":{"line":19,"column":12},"end":{"line":24,"column":13}},"11":{"start":{"line":19,"column":25},"end":{"line":19,"column":26}},"12":{"start":{"line":20,"column":16},"end":{"line":22,"column":17}},"13":{"start":{"line":21,"column":20},"end":{"line":21,"column":39}},"14":{"start":{"line":23,"column":16},"end":{"line":23,"column":51}},"15":{"start":{"line":28,"column":16},"end":{"line":28,"column":44}},"16":{"start":{"line":29,"column":16},"end":{"line":29,"column":44}},"17":{"start":{"line":30,"column":16},"end":{"line":30,"column":66}},"18":{"start":{"line":30,"column":53},"end":{"line":30,"column":62}},"19":{"start":{"line":31,"column":16},"end":{"line":31,"column":44}},"20":{"start":{"line":33,"column":4},"end":{"line":39,"column":6}},"21":{"start":{"line":42,"column":0},"end":{"line":42,"column":36}}},"fnMap":{"0":{"name":"calculateMatrixStats","decl":{"start":{"line":7,"column":9},"end":{"line":7,"column":29}},"loc":{"start":{"line":7,"column":43},"end":{"line":40,"column":1}}},"1":{"name":"(anonymous_1)","decl":{"start":{"line":30,"column":39},"end":{"line":30,"column":40}},"loc":{"start":{"line":30,"column":53},"end":{"line":30,"column":62}}}},"branchMap":{"0":{"loc":{"start":{"line":13,"column":8},"end":{"line":13,"column":42}},"type":"if","locations":[{"start":{"line":13,"column":8},"end":{"line":13,"column":42}}]},"1":{"loc":{"start":{"line":20,"column":16},"end":{"line":22,"column":17}},"type":"if","locations":[{"start":{"line":20,"column":16},"end":{"line":22,"column":17}}]},"2":{"loc":{"start":{"line":20,"column":20},"end":{"line":20,"column":49}},"type":"binary-expr","locations":[{"start":{"line":20,"column":20},"end":{"line":20,"column":27}},{"start":{"line":20,"column":31},"end":{"line":20,"column":49}}]}},"s":{"0":1,"1":1,"2":1,"3":2,"4":2,"5":0,"6":2,"7":2,"8":2,"9":2,"10":6,"11":6,"12":18,"13":9,"14":18,"15":1,"16":1,"17":1,"18":18,"19":1,"20":1,"21":1},"f":{"0":1,"1":18},"b":{"0":[0],"1":[9],"2":[18,12]}}
}
