TN:
SF:src\app.ts
FN:58,(anonymous_1)
FNF:1
FNH:1
FNDA:1,(anonymous_1)
DA:1,1
DA:2,1
DA:3,1
DA:5,1
DA:6,1
DA:8,1
DA:9,1
DA:57,1
DA:58,1
DA:59,1
DA:62,1
LF:11
LH:11
BRDA:6,0,0,1
BRDA:6,0,1,1
BRF:2
BRH:2
end_of_record
TN:
SF:src\config\swaggerConfig.ts
FN:25,(anonymous_1)
FNF:1
FNH:1
FNDA:1,(anonymous_1)
DA:1,1
DA:2,1
DA:5,1
DA:23,1
DA:25,1
DA:26,1
DA:29,1
LF:7
LH:7
BRF:0
BRH:0
end_of_record
TN:
SF:src\controllers\matrixController.ts
FN:10,(anonymous_0)
FNF:1
FNH:1
FNDA:2,(anonymous_0)
DA:2,1
DA:10,1
DA:11,2
DA:14,2
DA:15,1
DA:16,1
DA:17,1
DA:20,1
DA:22,1
DA:24,1
DA:25,1
LF:11
LH:11
BRDA:14,0,0,1
BRDA:14,1,0,2
BRDA:14,1,1,1
BRDA:14,1,2,1
BRDA:14,1,3,1
BRF:5
BRH:5
end_of_record
TN:
SF:src\routes\matrixRoutes.ts
FNF:0
FNH:0
DA:1,1
DA:2,1
DA:5,1
DA:7,1
DA:9,1
LF:5
LH:5
BRF:0
BRH:0
end_of_record
TN:
SF:src\services\matrixService.ts
FN:9,(anonymous_1)
FNF:1
FNH:1
FNDA:1,(anonymous_1)
DA:1,1
DA:9,1
DA:10,1
LF:3
LH:3
BRF:0
BRH:0
end_of_record
TN:
SF:src\utils\matrixHelpers.ts
FN:7,calculateMatrixStats
FN:30,(anonymous_1)
FNF:2
FNH:2
FNDA:1,calculateMatrixStats
FNDA:18,(anonymous_1)
DA:8,1
DA:9,1
DA:11,1
DA:12,2
DA:13,2
DA:15,2
DA:16,2
DA:18,2
DA:19,6
DA:20,18
DA:21,9
DA:23,18
DA:28,1
DA:29,1
DA:30,18
DA:31,1
DA:33,1
DA:42,1
LF:18
LH:18
BRDA:13,0,0,0
BRDA:20,1,0,9
BRDA:20,2,0,18
BRDA:20,2,1,12
BRF:4
BRH:3
end_of_record
